CRITICAL - 2022-12-02 13:29:25 --> Undefined array key "data"
in APPPATH/Controllers/Admin/Client.php on line 93.
 1 APPPATH/Controllers/Admin/Client.php(93): CodeIgniter\Debug\Exceptions->errorHandler(2, 'Undefined array key "data"', 'APPPATH/Controllers/Admin/Client.php', 93)
 2 SYSTEMPATH/CodeIgniter.php(927): App\Controllers\Admin\Client->apiListClient()
 3 SYSTEMPATH/CodeIgniter.php(482): CodeIgniter\CodeIgniter->runController(Object(App\Controllers\Admin\Client))
 4 SYSTEMPATH/CodeIgniter.php(351): CodeIgniter\CodeIgniter->handleRequest(null, Object(Config\Cache), false)
 5 FCPATH/index.php(67): CodeIgniter\CodeIgniter->run()
CRITICAL - 2022-12-02 13:31:45 --> Undefined array key "id"
in APPPATH/Controllers/Admin/Client.php on line 93.
 1 APPPATH/Controllers/Admin/Client.php(93): CodeIgniter\Debug\Exceptions->errorHandler(2, 'Undefined array key "id"', 'APPPATH/Controllers/Admin/Client.php', 93)
 2 SYSTEMPATH/CodeIgniter.php(927): App\Controllers\Admin\Client->apiListClient()
 3 SYSTEMPATH/CodeIgniter.php(482): CodeIgniter\CodeIgniter->runController(Object(App\Controllers\Admin\Client))
 4 SYSTEMPATH/CodeIgniter.php(351): CodeIgniter\CodeIgniter->handleRequest(null, Object(Config\Cache), false)
 5 FCPATH/index.php(67): CodeIgniter\CodeIgniter->run()
CRITICAL - 2022-12-02 13:31:53 --> Undefined array key "idClient"
in APPPATH/Controllers/Admin/Client.php on line 93.
 1 APPPATH/Controllers/Admin/Client.php(93): CodeIgniter\Debug\Exceptions->errorHandler(2, 'Undefined array key "idClient"', 'APPPATH/Controllers/Admin/Client.php', 93)
 2 SYSTEMPATH/CodeIgniter.php(927): App\Controllers\Admin\Client->apiListClient()
 3 SYSTEMPATH/CodeIgniter.php(482): CodeIgniter\CodeIgniter->runController(Object(App\Controllers\Admin\Client))
 4 SYSTEMPATH/CodeIgniter.php(351): CodeIgniter\CodeIgniter->handleRequest(null, Object(Config\Cache), false)
 5 FCPATH/index.php(67): CodeIgniter\CodeIgniter->run()
CRITICAL - 2022-12-02 17:26:22 --> Too few arguments to function App\Controllers\Admin\Client::getClientsFor(), 0 passed in /var/www/html/codeigniter4/system/CodeIgniter.php on line 927 and exactly 1 expected
in APPPATH/Controllers/Admin/Client.php on line 97.
 1 SYSTEMPATH/CodeIgniter.php(927): App\Controllers\Admin\Client->getClientsFor()
 2 SYSTEMPATH/CodeIgniter.php(482): CodeIgniter\CodeIgniter->runController(Object(App\Controllers\Admin\Client))
 3 SYSTEMPATH/CodeIgniter.php(351): CodeIgniter\CodeIgniter->handleRequest(null, Object(Config\Cache), false)
 4 FCPATH/index.php(67): CodeIgniter\CodeIgniter->run()
CRITICAL - 2022-12-02 17:52:05 --> Undefined variable $search
in APPPATH/Views/admin/client/listClients.php on line 8.
 1 APPPATH/Views/admin/client/listClients.php(8): CodeIgniter\Debug\Exceptions->errorHandler(2, 'Undefined variable $search', 'APPPATH/Views/admin/client/listClients.php', 8)
 2 SYSTEMPATH/View/View.php(213): include('APPPATH/Views/admin/client/listClients.php')
 3 SYSTEMPATH/View/View.php(216): CodeIgniter\View\View->CodeIgniter\View\{closure}()
 4 SYSTEMPATH/Common.php(1134): CodeIgniter\View\View->render('admin/client/listClients', [], true)
 5 APPPATH/Controllers/Admin/Client.php(22): view('admin/client/listClients', [...])
 6 SYSTEMPATH/CodeIgniter.php(927): App\Controllers\Admin\Client->listClients()
 7 SYSTEMPATH/CodeIgniter.php(482): CodeIgniter\CodeIgniter->runController(Object(App\Controllers\Admin\Client))
 8 SYSTEMPATH/CodeIgniter.php(351): CodeIgniter\CodeIgniter->handleRequest(null, Object(Config\Cache), false)
 9 FCPATH/index.php(67): CodeIgniter\CodeIgniter->run()
CRITICAL - 2022-12-02 17:52:46 --> Undefined variable $search
in APPPATH/Views/admin/client/listClients.php on line 8.
 1 APPPATH/Views/admin/client/listClients.php(8): CodeIgniter\Debug\Exceptions->errorHandler(2, 'Undefined variable $search', 'APPPATH/Views/admin/client/listClients.php', 8)
 2 SYSTEMPATH/View/View.php(213): include('APPPATH/Views/admin/client/listClients.php')
 3 SYSTEMPATH/View/View.php(216): CodeIgniter\View\View->CodeIgniter\View\{closure}()
 4 SYSTEMPATH/Common.php(1134): CodeIgniter\View\View->render('admin/client/listClients', [], true)
 5 APPPATH/Controllers/Admin/Client.php(22): view('admin/client/listClients', [...])
 6 SYSTEMPATH/CodeIgniter.php(927): App\Controllers\Admin\Client->listClients()
 7 SYSTEMPATH/CodeIgniter.php(482): CodeIgniter\CodeIgniter->runController(Object(App\Controllers\Admin\Client))
 8 SYSTEMPATH/CodeIgniter.php(351): CodeIgniter\CodeIgniter->handleRequest(null, Object(Config\Cache), false)
 9 FCPATH/index.php(67): CodeIgniter\CodeIgniter->run()
CRITICAL - 2022-12-02 17:54:00 --> Undefined variable $search
in APPPATH/Views/admin/client/listClients.php on line 8.
 1 APPPATH/Views/admin/client/listClients.php(8): CodeIgniter\Debug\Exceptions->errorHandler(2, 'Undefined variable $search', 'APPPATH/Views/admin/client/listClients.php', 8)
 2 SYSTEMPATH/View/View.php(213): include('APPPATH/Views/admin/client/listClients.php')
 3 SYSTEMPATH/View/View.php(216): CodeIgniter\View\View->CodeIgniter\View\{closure}()
 4 SYSTEMPATH/Common.php(1134): CodeIgniter\View\View->render('admin/client/listClients', [], true)
 5 APPPATH/Controllers/Admin/Client.php(22): view('admin/client/listClients', [...])
 6 SYSTEMPATH/CodeIgniter.php(927): App\Controllers\Admin\Client->listClients()
 7 SYSTEMPATH/CodeIgniter.php(482): CodeIgniter\CodeIgniter->runController(Object(App\Controllers\Admin\Client))
 8 SYSTEMPATH/CodeIgniter.php(351): CodeIgniter\CodeIgniter->handleRequest(null, Object(Config\Cache), false)
 9 FCPATH/index.php(67): CodeIgniter\CodeIgniter->run()
CRITICAL - 2022-12-02 18:13:43 --> Undefined variable $search
in APPPATH/Views/admin/client/listClients.php on line 8.
 1 APPPATH/Views/admin/client/listClients.php(8): CodeIgniter\Debug\Exceptions->errorHandler(2, 'Undefined variable $search', 'APPPATH/Views/admin/client/listClients.php', 8)
 2 SYSTEMPATH/View/View.php(213): include('APPPATH/Views/admin/client/listClients.php')
 3 SYSTEMPATH/View/View.php(216): CodeIgniter\View\View->CodeIgniter\View\{closure}()
 4 SYSTEMPATH/Common.php(1134): CodeIgniter\View\View->render('admin/client/listClients', [], true)
 5 APPPATH/Controllers/Admin/Client.php(22): view('admin/client/listClients', [...])
 6 SYSTEMPATH/CodeIgniter.php(927): App\Controllers\Admin\Client->listClients()
 7 SYSTEMPATH/CodeIgniter.php(482): CodeIgniter\CodeIgniter->runController(Object(App\Controllers\Admin\Client))
 8 SYSTEMPATH/CodeIgniter.php(351): CodeIgniter\CodeIgniter->handleRequest(null, Object(Config\Cache), false)
 9 FCPATH/index.php(67): CodeIgniter\CodeIgniter->run()
CRITICAL - 2022-12-02 18:22:21 --> Undefined variable $getClients
in APPPATH/Views/admin/client/listClients.php on line 8.
 1 APPPATH/Views/admin/client/listClients.php(8): CodeIgniter\Debug\Exceptions->errorHandler(2, 'Undefined variable $getClients', 'APPPATH/Views/admin/client/listClients.php', 8)
 2 SYSTEMPATH/View/View.php(213): include('APPPATH/Views/admin/client/listClients.php')
 3 SYSTEMPATH/View/View.php(216): CodeIgniter\View\View->CodeIgniter\View\{closure}()
 4 SYSTEMPATH/Common.php(1134): CodeIgniter\View\View->render('admin/client/listClients', [], true)
 5 APPPATH/Controllers/Admin/Client.php(22): view('admin/client/listClients', [...])
 6 SYSTEMPATH/CodeIgniter.php(927): App\Controllers\Admin\Client->listClients()
 7 SYSTEMPATH/CodeIgniter.php(482): CodeIgniter\CodeIgniter->runController(Object(App\Controllers\Admin\Client))
 8 SYSTEMPATH/CodeIgniter.php(351): CodeIgniter\CodeIgniter->handleRequest(null, Object(Config\Cache), false)
 9 FCPATH/index.php(67): CodeIgniter\CodeIgniter->run()
CRITICAL - 2022-12-02 18:31:20 --> Undefined variable $getClients
in APPPATH/Views/admin/client/listClients.php on line 8.
 1 APPPATH/Views/admin/client/listClients.php(8): CodeIgniter\Debug\Exceptions->errorHandler(2, 'Undefined variable $getClients', 'APPPATH/Views/admin/client/listClients.php', 8)
 2 SYSTEMPATH/View/View.php(213): include('APPPATH/Views/admin/client/listClients.php')
 3 SYSTEMPATH/View/View.php(216): CodeIgniter\View\View->CodeIgniter\View\{closure}()
 4 SYSTEMPATH/Common.php(1134): CodeIgniter\View\View->render('admin/client/listClients', [], true)
 5 APPPATH/Controllers/Admin/Client.php(22): view('admin/client/listClients', [...])
 6 SYSTEMPATH/CodeIgniter.php(927): App\Controllers\Admin\Client->listClients()
 7 SYSTEMPATH/CodeIgniter.php(482): CodeIgniter\CodeIgniter->runController(Object(App\Controllers\Admin\Client))
 8 SYSTEMPATH/CodeIgniter.php(351): CodeIgniter\CodeIgniter->handleRequest(null, Object(Config\Cache), false)
 9 FCPATH/index.php(67): CodeIgniter\CodeIgniter->run()
CRITICAL - 2022-12-02 18:46:46 --> Undefined variable $search
in APPPATH/Views/admin/client/listClients.php on line 8.
 1 APPPATH/Views/admin/client/listClients.php(8): CodeIgniter\Debug\Exceptions->errorHandler(2, 'Undefined variable $search', 'APPPATH/Views/admin/client/listClients.php', 8)
 2 SYSTEMPATH/View/View.php(213): include('APPPATH/Views/admin/client/listClients.php')
 3 SYSTEMPATH/View/View.php(216): CodeIgniter\View\View->CodeIgniter\View\{closure}()
 4 SYSTEMPATH/Common.php(1134): CodeIgniter\View\View->render('admin/client/listClients', [], true)
 5 APPPATH/Controllers/Admin/Client.php(22): view('admin/client/listClients', [...])
 6 SYSTEMPATH/CodeIgniter.php(927): App\Controllers\Admin\Client->listClients()
 7 SYSTEMPATH/CodeIgniter.php(482): CodeIgniter\CodeIgniter->runController(Object(App\Controllers\Admin\Client))
 8 SYSTEMPATH/CodeIgniter.php(351): CodeIgniter\CodeIgniter->handleRequest(null, Object(Config\Cache), false)
 9 FCPATH/index.php(67): CodeIgniter\CodeIgniter->run()
CRITICAL - 2022-12-02 18:47:14 --> Undefined variable $getClients
in APPPATH/Views/admin/client/listClients.php on line 8.
 1 APPPATH/Views/admin/client/listClients.php(8): CodeIgniter\Debug\Exceptions->errorHandler(2, 'Undefined variable $getClients', 'APPPATH/Views/admin/client/listClients.php', 8)
 2 SYSTEMPATH/View/View.php(213): include('APPPATH/Views/admin/client/listClients.php')
 3 SYSTEMPATH/View/View.php(216): CodeIgniter\View\View->CodeIgniter\View\{closure}()
 4 SYSTEMPATH/Common.php(1134): CodeIgniter\View\View->render('admin/client/listClients', [], true)
 5 APPPATH/Controllers/Admin/Client.php(22): view('admin/client/listClients', [...])
 6 SYSTEMPATH/CodeIgniter.php(927): App\Controllers\Admin\Client->listClients()
 7 SYSTEMPATH/CodeIgniter.php(482): CodeIgniter\CodeIgniter->runController(Object(App\Controllers\Admin\Client))
 8 SYSTEMPATH/CodeIgniter.php(351): CodeIgniter\CodeIgniter->handleRequest(null, Object(Config\Cache), false)
 9 FCPATH/index.php(67): CodeIgniter\CodeIgniter->run()
CRITICAL - 2022-12-02 18:49:04 --> view(): Argument #2 ($data) must be of type array, null given, called in /var/www/html/codeigniter4/app/Controllers/Admin/Client.php on line 108
in SYSTEMPATH/Common.php on line 1120.
 1 APPPATH/Controllers/Admin/Client.php(108): view('admin/client/searchClients', null)
 2 SYSTEMPATH/CodeIgniter.php(927): App\Controllers\Admin\Client->getClientsFor('$1')
 3 SYSTEMPATH/CodeIgniter.php(482): CodeIgniter\CodeIgniter->runController(Object(App\Controllers\Admin\Client))
 4 SYSTEMPATH/CodeIgniter.php(351): CodeIgniter\CodeIgniter->handleRequest(null, Object(Config\Cache), false)
 5 FCPATH/index.php(67): CodeIgniter\CodeIgniter->run()
CRITICAL - 2022-12-02 18:50:25 --> view(): Argument #2 ($data) must be of type array, null given, called in /var/www/html/codeigniter4/app/Controllers/Admin/Client.php on line 108
in SYSTEMPATH/Common.php on line 1120.
 1 APPPATH/Controllers/Admin/Client.php(108): view('admin/client/searchClients', null)
 2 SYSTEMPATH/CodeIgniter.php(927): App\Controllers\Admin\Client->getClientsFor('$1')
 3 SYSTEMPATH/CodeIgniter.php(482): CodeIgniter\CodeIgniter->runController(Object(App\Controllers\Admin\Client))
 4 SYSTEMPATH/CodeIgniter.php(351): CodeIgniter\CodeIgniter->handleRequest(null, Object(Config\Cache), false)
 5 FCPATH/index.php(67): CodeIgniter\CodeIgniter->run()
CRITICAL - 2022-12-02 18:50:39 --> view(): Argument #2 ($data) must be of type array, null given, called in /var/www/html/codeigniter4/app/Controllers/Admin/Client.php on line 108
in SYSTEMPATH/Common.php on line 1120.
 1 APPPATH/Controllers/Admin/Client.php(108): view('admin/client/searchClients', null)
 2 SYSTEMPATH/CodeIgniter.php(927): App\Controllers\Admin\Client->getClientsFor('$1')
 3 SYSTEMPATH/CodeIgniter.php(482): CodeIgniter\CodeIgniter->runController(Object(App\Controllers\Admin\Client))
 4 SYSTEMPATH/CodeIgniter.php(351): CodeIgniter\CodeIgniter->handleRequest(null, Object(Config\Cache), false)
 5 FCPATH/index.php(67): CodeIgniter\CodeIgniter->run()
